*INFO* : Initiating loader
*DEBUG* : Allocating a new object of type String

*INFO* : Load from sample.json
*DEBUG* : Allocating a new object of type Int

*DEBUG* : Literal 418 internal 0 remapped to 2
*INFO* : Class Sample extends Obj
*INFO* : Class Sample has 4 methods and 0 fields
*DEBUG* : Op: 1 (const)
*DEBUG* : Op: 2 (call)
*DEBUG* : Op: 0 (halt)
*INFO* : Code Loaded.
*INFO* : Patched in call to constructor of 'Sample'
*INFO* : Dumping constants
*DEBUG* : Constant 1: String
*DEBUG* : Value: |No main program loaded!
|
*DEBUG* : Constant 2: Int
*DEBUG* : Value: 418
*DEBUG* : Fetched [0] (0x100729e04 : new)
*DEBUG* : Step:  new
*DEBUG* : Fetched [1] (0x600002280ec0 : Unknown thing: 0x600002280ec0)
*DEBUG* : Allocating a new object of type Sample

*DEBUG* : ===
*DEBUG* : -fp-> 0 : (int) 0
*DEBUG* :       1 : (Sample object) 0x6000035842c0
*DEBUG* : ===
*DEBUG* : Fetched [2] (0x100729b00 : call)
*DEBUG* : Step:  call
*DEBUG* : Fetched [3] (0x100000000 : (int) 0)
*DEBUG* : ===
*DEBUG* :       0 : (int) 0
*DEBUG* : -fp-> 1 : (Sample object) 0x6000035842c0
*DEBUG* :       2 : Unknown thing: 0x1007310d0
*DEBUG* :       3 : (stack ptr) 0
*DEBUG* : ===
*DEBUG* : Fetched [16] (0x100729ab4 : const)
*DEBUG* : Step:  const
*DEBUG* : Fetched [17] (0x100000002 : (int) 2)
*DEBUG* : ===
*DEBUG* : -fp-> 1 : (Sample object) 0x6000035842c0
*DEBUG* :       2 : Unknown thing: 0x1007310d0
*DEBUG* :       3 : (stack ptr) 0
*DEBUG* :       4 : (Int object) 0x600003781180
*DEBUG* : ===
*DEBUG* : Fetched [18] (0x100729b00 : call)
*DEBUG* : Step:  call
*DEBUG* : Fetched [19] (0x600000000002 : (int) 2)
*DEBUG* : ===
*DEBUG* :       3 : (stack ptr) 0
*DEBUG* : -fp-> 4 : (Int object) 0x600003781180
*DEBUG* :       5 : Unknown thing: 0x100731150
*DEBUG* :       6 : (stack ptr) 1
*DEBUG* : ===
*DEBUG* : Fetched 0x100729c68 (enter)
*DEBUG* : Step:  enter
*DEBUG* : Function entered

*DEBUG* : ===
*DEBUG* :       0 : (int) 0
*DEBUG* :       1 : (Sample object) 0x6000035842c0
*DEBUG* :       2 : Unknown thing: 0x1007310d0
*DEBUG* :       3 : (stack ptr) 0
*DEBUG* : -fp-> 4 : (Int object) 0x600003781180
*DEBUG* :       5 : Unknown thing: 0x100731150
*DEBUG* :       6 : (stack ptr) 1
*DEBUG* : ===
*DEBUG* : ===
*DEBUG* :       3 : (stack ptr) 0
*DEBUG* : -fp-> 4 : (Int object) 0x600003781180
*DEBUG* :       5 : Unknown thing: 0x100731150
*DEBUG* :       6 : (stack ptr) 1
*DEBUG* : ===
*DEBUG* : Fetched 0x100729e68 (load)
*DEBUG* : Step:  load
*DEBUG* : Fetched 0x0 ((int) 0)
*DEBUG* : ===
*DEBUG* : -fp-> 4 : (Int object) 0x600003781180
*DEBUG* :       5 : Unknown thing: 0x100731150
*DEBUG* :       6 : (stack ptr) 1
*DEBUG* :       7 : (Int object) 0x600003781180
*DEBUG* : ===
*DEBUG* : Fetched 0x100729b00 (call)
*DEBUG* : Step:  call
*DEBUG* : Fetched 0x1 ((int) 1)
*DEBUG* : ===
*DEBUG* :       6 : (stack ptr) 1
*DEBUG* : -fp-> 7 : (Int object) 0x600003781180
*DEBUG* :       8 : Unknown thing: 0x100730218
*DEBUG* :       9 : (stack ptr) 4
*DEBUG* : ===
*DEBUG* : Fetched 0x100729c68 (enter)
*DEBUG* : Step:  enter
*DEBUG* : Function entered

*DEBUG* : ===
*DEBUG* :       0 : (int) 0
*DEBUG* :       1 : (Sample object) 0x6000035842c0
*DEBUG* :       2 : Unknown thing: 0x1007310d0
*DEBUG* :       3 : (stack ptr) 0
*DEBUG* :       4 : (Int object) 0x600003781180
*DEBUG* :       5 : Unknown thing: 0x100731150
*DEBUG* :       6 : (stack ptr) 1
*DEBUG* : -fp-> 7 : (Int object) 0x600003781180
*DEBUG* :       8 : Unknown thing: 0x100730218
*DEBUG* :       9 : (stack ptr) 4
*DEBUG* : ===
*DEBUG* : ===
*DEBUG* :       6 : (stack ptr) 1
*DEBUG* : -fp-> 7 : (Int object) 0x600003781180
*DEBUG* :       8 : Unknown thing: 0x100730218
*DEBUG* :       9 : (stack ptr) 4
*DEBUG* : ===
*DEBUG* : Fetched 0x100729bb0 (call_native)
*DEBUG* : Step:  call_native
*DEBUG* : Making native call

*DEBUG* : Fetched 0x10072a4c8 (Unknown thing: 0x10072a4c8)
*DEBUG* : Allocating a new object of type String

*DEBUG* : Native method returned String

*DEBUG* : ===
*DEBUG* : -fp-> 7 : (Int object) 0x600003781180
*DEBUG* :       8 : Unknown thing: 0x100730218
*DEBUG* :       9 : (stack ptr) 4
*DEBUG* :       10 : (String object) 0x6000037811a0
*DEBUG* : ===
*DEBUG* : Fetched 0x100729c8c (return)
*DEBUG* : Step:  return
*DEBUG* : Fetched 0x0 ((int) 0)
*DEBUG* : ===
*DEBUG* : -fp-> 4 : (Int object) 0x600003781180
*DEBUG* :       5 : Unknown thing: 0x100731150
*DEBUG* :       6 : (stack ptr) 1
*DEBUG* :       7 : (String object) 0x6000037811a0
*DEBUG* : ===
*DEBUG* : Fetched 0x100729b00 (call)
*DEBUG* : Step:  call
*DEBUG* : Fetched 0x2 ((int) 2)
*DEBUG* : ===
*DEBUG* :       6 : (stack ptr) 1
*DEBUG* : -fp-> 7 : (String object) 0x6000037811a0
*DEBUG* :       8 : Unknown thing: 0x100730228
*DEBUG* :       9 : (stack ptr) 4
*DEBUG* : ===
*DEBUG* : Fetched 0x100729c68 (enter)
*DEBUG* : Step:  enter
*DEBUG* : Function entered

*DEBUG* : ===
*DEBUG* :       0 : (int) 0
*DEBUG* :       1 : (Sample object) 0x6000035842c0
*DEBUG* :       2 : Unknown thing: 0x1007310d0
*DEBUG* :       3 : (stack ptr) 0
*DEBUG* :       4 : (Int object) 0x600003781180
*DEBUG* :       5 : Unknown thing: 0x100731150
*DEBUG* :       6 : (stack ptr) 1
*DEBUG* : -fp-> 7 : (String object) 0x6000037811a0
*DEBUG* :       8 : Unknown thing: 0x100730228
*DEBUG* :       9 : (stack ptr) 4
*DEBUG* : ===
*DEBUG* : ===
*DEBUG* :       6 : (stack ptr) 1
*DEBUG* : -fp-> 7 : (String object) 0x6000037811a0
*DEBUG* :       8 : Unknown thing: 0x100730228
*DEBUG* :       9 : (stack ptr) 4
*DEBUG* : ===
*DEBUG* : Fetched 0x100729bb0 (call_native)
*DEBUG* : Step:  call_native
*DEBUG* : Making native call

*DEBUG* : Fetched 0x10072a274 (Unknown thing: 0x10072a274)
*DEBUG* : **** PRINT |418| ****

*DEBUG* : Native method returned Nothing

*DEBUG* : ===
*DEBUG* : -fp-> 7 : (String object) 0x6000037811a0
*DEBUG* :       8 : Unknown thing: 0x100730228
*DEBUG* :       9 : (stack ptr) 4
*DEBUG* :       10 : (Nothing object) 0x100730518
*DEBUG* : ===
*DEBUG* : Fetched 0x100729c8c (return)
*DEBUG* : Step:  return
*DEBUG* : Fetched 0x0 ((int) 0)
*DEBUG* : ===
*DEBUG* : -fp-> 4 : (Int object) 0x600003781180
*DEBUG* :       5 : Unknown thing: 0x100731150
*DEBUG* :       6 : (stack ptr) 1
*DEBUG* :       7 : (Nothing object) 0x100730518
*DEBUG* : ===
*DEBUG* : Fetched 0x100729c8c (return)
*DEBUG* : Step:  return
*DEBUG* : Fetched 0x0 ((int) 0)
*DEBUG* : ===
*DEBUG* : -fp-> 1 : (Sample object) 0x6000035842c0
*DEBUG* :       2 : Unknown thing: 0x1007310d0
*DEBUG* :       3 : (stack ptr) 0
*DEBUG* :       4 : (Nothing object) 0x100730518
*DEBUG* : ===
*DEBUG* : Fetched [20] (0x100729af0 : halt)
*DEBUG* : Step:  halt
*DEBUG* : ===
*DEBUG* : -fp-> 1 : (Sample object) 0x6000035842c0
*DEBUG* :       2 : Unknown thing: 0x1007310d0
*DEBUG* :       3 : (stack ptr) 0
*DEBUG* :       4 : (Nothing object) 0x100730518
*DEBUG* : ===
*INFO* : Ran
418