*INFO* : Initiating loader
*DEBUG* : Allocating a new object of type String

*INFO* : Load from sample.json
*DEBUG* : Allocating a new object of type Int

*DEBUG* : Literal 418 internal 0 remapped to 2
*INFO* : Class Sample extends Obj
*INFO* : Class Sample has 4 methods and 0 fields
*DEBUG* : Op: 1 (const)
*DEBUG* : Op: 0 (halt)
*INFO* : Code Loaded.
*INFO* : Patched in call to constructor of 'Sample'
*INFO* : Dumping constants
*DEBUG* : Constant 1: String
*DEBUG* : Value: |No main program loaded!
|
*DEBUG* : Constant 2: Int
*DEBUG* : Value: 418
*DEBUG* : Fetched [0] (0x102481e04 : new)
*DEBUG* : Step:  new
*DEBUG* : Fetched [1] (0x600002c18dc0 : Unknown thing: 0x600002c18dc0)
*DEBUG* : Allocating a new object of type Sample

*DEBUG* : ===
*DEBUG* : -fp-> 0 : (int) 0
*DEBUG* :       1 : (Sample object) 0x600003b1c2c0
*DEBUG* : ===
*DEBUG* : Fetched [2] (0x102481b00 : call)
*DEBUG* : Step:  call
*DEBUG* : Fetched [3] (0x100000000 : (int) 0)
*DEBUG* : ===
*DEBUG* :       0 : (int) 0
*DEBUG* : -fp-> 1 : (Sample object) 0x600003b1c2c0
*DEBUG* :       2 : Unknown thing: 0x1024890d0
*DEBUG* :       3 : (stack ptr) 0
*DEBUG* : ===
*DEBUG* : Fetched [16] (0x102481ab4 : const)
*DEBUG* : Step:  const
*DEBUG* : Fetched [17] (0x100000002 : (int) 2)
*DEBUG* : ===
*DEBUG* : -fp-> 1 : (Sample object) 0x600003b1c2c0
*DEBUG* :       2 : Unknown thing: 0x1024890d0
*DEBUG* :       3 : (stack ptr) 0
*DEBUG* :       4 : (Int object) 0x600003919180
*DEBUG* : ===
*DEBUG* : Fetched [18] (0x102481af0 : halt)
*DEBUG* : Step:  halt
*DEBUG* : ===
*DEBUG* : -fp-> 1 : (Sample object) 0x600003b1c2c0
*DEBUG* :       2 : Unknown thing: 0x1024890d0
*DEBUG* :       3 : (stack ptr) 0
*DEBUG* :       4 : (Int object) 0x600003919180
*DEBUG* : ===
*INFO* : Ran
